# JRE version: Java(TM) SE Runtime Environment (8.0_45-b14) (build 1.8.0_45-b14)
# Java VM: Java HotSpot(TM) Client VM (25.45-b02 mixed mode windows-x86 )
Heap:
 def new generation   total 4928K, used 703K [0x02c00000, 0x03150000, 0x08150000)
  eden space 4416K,  14% used [0x02c00000, 0x02ca4b10, 0x03050000)
  from space 512K,   8% used [0x030d0000, 0x030db0f8, 0x03150000)
  to   space 512K,   0% used [0x03050000, 0x03050000, 0x030d0000)
 tenured generation   total 10944K, used 2105K [0x08150000, 0x08c00000, 0x12c00000)
   the space 10944K,  19% used [0x08150000, 0x0835e710, 0x0835e800, 0x08c00000)
 Metaspace       used 5795K, capacity 6001K, committed 6016K, reserved 6528K
GC Heap History (10 events):
Event: 23.652 GC heap before
{Heap before GC invocations=4 (full 0):
 def new generation   total 4928K, used 4928K [0x02c00000, 0x03150000, 0x08150000)
  eden space 4416K, 100% used [0x02c00000, 0x03050000, 0x03050000)
  from space 512K, 100% used [0x03050000, 0x030d0000, 0x030d0000)
  to   space 512K,   0% used [0x030d0000, 0x030d0000, 0x03150000)
 tenured generation   total 10944K, used 1295K [0x08150000, 0x08c00000, 0x12c00000)
   the space 10944K,  11% used [0x08150000, 0x08293db8, 0x08293e00, 0x08c00000)
 Metaspace       used 5778K, capacity 5969K, committed 6016K, reserved 6528K
Event: 23.655 GC heap after
Heap after GC invocations=5 (full 0):
 def new generation   total 4928K, used 472K [0x02c00000, 0x03150000, 0x08150000)
  eden space 4416K,   0% used [0x02c00000, 0x02c00000, 0x03050000)
  from space 512K,  92% used [0x030d0000, 0x03146308, 0x03150000)
  to   space 512K,   0% used [0x03050000, 0x03050000, 0x030d0000)
 tenured generation   total 10944K, used 1727K [0x08150000, 0x08c00000, 0x12c00000)
   the space 10944K,  15% used [0x08150000, 0x082ffe30, 0x08300000, 0x08c00000)
 Metaspace       used 5778K, capacity 5969K, committed 6016K, reserved 6528K
}
Event: 23.760 GC heap before
{Heap before GC invocations=5 (full 0):
 def new generation   total 4928K, used 4888K [0x02c00000, 0x03150000, 0x08150000)
  eden space 4416K, 100% used [0x02c00000, 0x03050000, 0x03050000)
  from space 512K,  92% used [0x030d0000, 0x03146308, 0x03150000)
  to   space 512K,   0% used [0x03050000, 0x03050000, 0x030d0000)
 tenured generation   total 10944K, used 1727K [0x08150000, 0x08c00000, 0x12c00000)
   the space 10944K,  15% used [0x08150000, 0x082ffe30, 0x08300000, 0x08c00000)
 Metaspace       used 5795K, capacity 6001K, committed 6016K, reserved 6528K
Event: 23.762 GC heap after
Heap after GC invocations=6 (full 0):
 def new generation   total 4928K, used 224K [0x02c00000, 0x03150000, 0x08150000)
  eden space 4416K,   0% used [0x02c00000, 0x02c00000, 0x03050000)
  from space 512K,  43% used [0x03050000, 0x03088150, 0x030d0000)
  to   space 512K,   0% used [0x030d0000, 0x030d0000, 0x03150000)
 tenured generation   total 10944K, used 2105K [0x08150000, 0x08c00000, 0x12c00000)
   the space 10944K,  19% used [0x08150000, 0x0835e710, 0x0835e800, 0x08c00000)
 Metaspace       used 5795K, capacity 6001K, committed 6016K, reserved 6528K
}
Event: 23.763 GC heap before
{Heap before GC invocations=6 (full 0):
 def new generation   total 4928K, used 4631K [0x02c00000, 0x03150000, 0x08150000)
  eden space 4416K,  99% used [0x02c00000, 0x0304dc28, 0x03050000)
  from space 512K,  43% used [0x03050000, 0x03088150, 0x030d0000)
  to   space 512K,   0% used [0x030d0000, 0x030d0000, 0x03150000)
 tenured generation   total 10944K, used 2105K [0x08150000, 0x08c00000, 0x12c00000)
   the space 10944K,  19% used [0x08150000, 0x0835e710, 0x0835e800, 0x08c00000)
 Metaspace       used 5795K, capacity 6001K, committed 6016K, reserved 6528K
Event: 23.764 GC heap after
Heap after GC invocations=7 (full 0):
 def new generation   total 4928K, used 51K [0x02c00000, 0x03150000, 0x08150000)
  eden space 4416K,   0% used [0x02c00000, 0x02c00000, 0x03050000)
  from space 512K,   9% used [0x030d0000, 0x030dcc10, 0x03150000)
  to   space 512K,   0% used [0x03050000, 0x03050000, 0x030d0000)
 tenured generation   total 10944K, used 2105K [0x08150000, 0x08c00000, 0x12c00000)
   the space 10944K,  19% used [0x08150000, 0x0835e710, 0x0835e800, 0x08c00000)
 Metaspace       used 5795K, capacity 6001K, committed 6016K, reserved 6528K
}
Event: 23.765 GC heap before
{Heap before GC invocations=7 (full 0):
 def new generation   total 4928K, used 4447K [0x02c00000, 0x03150000, 0x08150000)
  eden space 4416K,  99% used [0x02c00000, 0x0304b308, 0x03050000)
  from space 512K,   9% used [0x030d0000, 0x030dcc10, 0x03150000)
  to   space 512K,   0% used [0x03050000, 0x03050000, 0x030d0000)
 tenured generation   total 10944K, used 2105K [0x08150000, 0x08c00000, 0x12c00000)
   the space 10944K,  19% used [0x08150000, 0x0835e710, 0x0835e800, 0x08c00000)
 Metaspace       used 5795K, capacity 6001K, committed 6016K, reserved 6528K
Event: 23.765 GC heap after
Heap after GC invocations=8 (full 0):
 def new generation   total 4928K, used 39K [0x02c00000, 0x03150000, 0x08150000)
  eden space 4416K,   0% used [0x02c00000, 0x02c00000, 0x03050000)
  from space 512K,   7% used [0x03050000, 0x03059ff8, 0x030d0000)
  to   space 512K,   0% used [0x030d0000, 0x030d0000, 0x03150000)
 tenured generation   total 10944K, used 2105K [0x08150000, 0x08c00000, 0x12c00000)
   the space 10944K,  19% used [0x08150000, 0x0835e710, 0x0835e800, 0x08c00000)
 Metaspace       used 5795K, capacity 6001K, committed 6016K, reserved 6528K
}
Event: 23.766 GC heap before
{Heap before GC invocations=8 (full 0):
 def new generation   total 4928K, used 4450K [0x02c00000, 0x03150000, 0x08150000)
  eden space 4416K,  99% used [0x02c00000, 0x0304eb60, 0x03050000)
  from space 512K,   7% used [0x03050000, 0x03059ff8, 0x030d0000)
  to   space 512K,   0% used [0x030d0000, 0x030d0000, 0x03150000)
 tenured generation   total 10944K, used 2105K [0x08150000, 0x08c00000, 0x12c00000)
   the space 10944K,  19% used [0x08150000, 0x0835e710, 0x0835e800, 0x08c00000)
 Metaspace       used 5795K, capacity 6001K, committed 6016K, reserved 6528K
Event: 23.767 GC heap after
Heap after GC invocations=9 (full 0):
 def new generation   total 4928K, used 44K [0x02c00000, 0x03150000, 0x08150000)
  eden space 4416K,   0% used [0x02c00000, 0x02c00000, 0x03050000)
  from space 512K,   8% used [0x030d0000, 0x030db0f8, 0x03150000)
  to   space 512K,   0% used [0x03050000, 0x03050000, 0x030d0000)
 tenured generation   total 10944K, used 2105K [0x08150000, 0x08c00000, 0x12c00000)
   the space 10944K,  19% used [0x08150000, 0x0835e710, 0x0835e800, 0x08c00000)
 Metaspace       used 5795K, capacity 6001K, committed 6016K, reserved 6528K
}

