# JRE version: Java(TM) SE Runtime Environment (8.0_45-b14) (build 1.8.0_45-b14)
# Java VM: Java HotSpot(TM) Client VM (25.45-b02 mixed mode windows-x86 )
Heap:
 def new generation   total 4928K, used 1763K [0x02c00000, 0x03150000, 0x08150000)
  eden space 4416K,  37% used [0x02c00000, 0x02d99ba0, 0x03050000)
  from space 512K,  24% used [0x03050000, 0x0306f2e0, 0x030d0000)
  to   space 512K,   0% used [0x030d0000, 0x030d0000, 0x03150000)
 tenured generation   total 10944K, used 2095K [0x08150000, 0x08c00000, 0x12c00000)
   the space 10944K,  19% used [0x08150000, 0x0835bd48, 0x0835be00, 0x08c00000)
 Metaspace       used 5798K, capacity 6001K, committed 6016K, reserved 6528K
GC Heap History (10 events):
Event: 12.354 GC heap before
{Heap before GC invocations=1 (full 0):
 def new generation   total 4928K, used 4928K [0x02c00000, 0x03150000, 0x08150000)
  eden space 4416K, 100% used [0x02c00000, 0x03050000, 0x03050000)
  from space 512K, 100% used [0x030d0000, 0x03150000, 0x03150000)
  to   space 512K,   0% used [0x03050000, 0x03050000, 0x030d0000)
 tenured generation   total 10944K, used 652K [0x08150000, 0x08c00000, 0x12c00000)
   the space 10944K,   5% used [0x08150000, 0x081f3060, 0x081f3200, 0x08c00000)
 Metaspace       used 2536K, capacity 2584K, committed 2624K, reserved 4480K
Event: 12.356 GC heap after
Heap after GC invocations=2 (full 0):
 def new generation   total 4928K, used 248K [0x02c00000, 0x03150000, 0x08150000)
  eden space 4416K,   0% used [0x02c00000, 0x02c00000, 0x03050000)
  from space 512K,  48% used [0x03050000, 0x0308e130, 0x030d0000)
  to   space 512K,   0% used [0x030d0000, 0x030d0000, 0x03150000)
 tenured generation   total 10944K, used 1163K [0x08150000, 0x08c00000, 0x12c00000)
   the space 10944K,  10% used [0x08150000, 0x08272ff8, 0x08273000, 0x08c00000)
 Metaspace       used 2536K, capacity 2584K, committed 2624K, reserved 4480K
}
Event: 12.456 GC heap before
{Heap before GC invocations=2 (full 0):
 def new generation   total 4928K, used 4664K [0x02c00000, 0x03150000, 0x08150000)
  eden space 4416K, 100% used [0x02c00000, 0x03050000, 0x03050000)
  from space 512K,  48% used [0x03050000, 0x0308e130, 0x030d0000)
  to   space 512K,   0% used [0x030d0000, 0x030d0000, 0x03150000)
 tenured generation   total 10944K, used 1163K [0x08150000, 0x08c00000, 0x12c00000)
   the space 10944K,  10% used [0x08150000, 0x08272ff8, 0x08273000, 0x08c00000)
 Metaspace       used 2537K, capacity 2584K, committed 2624K, reserved 4480K
Event: 12.457 GC heap after
Heap after GC invocations=3 (full 0):
 def new generation   total 4928K, used 271K [0x02c00000, 0x03150000, 0x08150000)
  eden space 4416K,   0% used [0x02c00000, 0x02c00000, 0x03050000)
  from space 512K,  53% used [0x030d0000, 0x03113e60, 0x03150000)
  to   space 512K,   0% used [0x03050000, 0x03050000, 0x030d0000)
 tenured generation   total 10944K, used 1163K [0x08150000, 0x08c00000, 0x12c00000)
   the space 10944K,  10% used [0x08150000, 0x08272ff8, 0x08273000, 0x08c00000)
 Metaspace       used 2537K, capacity 2584K, committed 2624K, reserved 4480K
}
Event: 24.458 GC heap before
{Heap before GC invocations=3 (full 0):
 def new generation   total 4928K, used 4687K [0x02c00000, 0x03150000, 0x08150000)
  eden space 4416K, 100% used [0x02c00000, 0x03050000, 0x03050000)
  from space 512K,  53% used [0x030d0000, 0x03113e60, 0x03150000)
  to   space 512K,   0% used [0x03050000, 0x03050000, 0x030d0000)
 tenured generation   total 10944K, used 1163K [0x08150000, 0x08c00000, 0x12c00000)
   the space 10944K,  10% used [0x08150000, 0x08272ff8, 0x08273000, 0x08c00000)
 Metaspace       used 5568K, capacity 5777K, committed 5888K, reserved 6528K
Event: 24.461 GC heap after
Heap after GC invocations=4 (full 0):
 def new generation   total 4928K, used 512K [0x02c00000, 0x03150000, 0x08150000)
  eden space 4416K,   0% used [0x02c00000, 0x02c00000, 0x03050000)
  from space 512K, 100% used [0x03050000, 0x030d0000, 0x030d0000)
  to   space 512K,   0% used [0x030d0000, 0x030d0000, 0x03150000)
 tenured generation   total 10944K, used 1592K [0x08150000, 0x08c00000, 0x12c00000)
   the space 10944K,  14% used [0x08150000, 0x082de2e8, 0x082de400, 0x08c00000)
 Metaspace       used 5568K, capacity 5777K, committed 5888K, reserved 6528K
}
Event: 24.629 GC heap before
{Heap before GC invocations=4 (full 0):
 def new generation   total 4928K, used 4928K [0x02c00000, 0x03150000, 0x08150000)
  eden space 4416K, 100% used [0x02c00000, 0x03050000, 0x03050000)
  from space 512K, 100% used [0x03050000, 0x030d0000, 0x030d0000)
  to   space 512K,   0% used [0x030d0000, 0x030d0000, 0x03150000)
 tenured generation   total 10944K, used 1592K [0x08150000, 0x08c00000, 0x12c00000)
   the space 10944K,  14% used [0x08150000, 0x082de2e8, 0x082de400, 0x08c00000)
 Metaspace       used 5774K, capacity 5969K, committed 6016K, reserved 6528K
Event: 24.632 GC heap after
Heap after GC invocations=5 (full 0):
 def new generation   total 4928K, used 231K [0x02c00000, 0x03150000, 0x08150000)
  eden space 4416K,   0% used [0x02c00000, 0x02c00000, 0x03050000)
  from space 512K,  45% used [0x030d0000, 0x03109d98, 0x03150000)
  to   space 512K,   0% used [0x03050000, 0x03050000, 0x030d0000)
 tenured generation   total 10944K, used 2095K [0x08150000, 0x08c00000, 0x12c00000)
   the space 10944K,  19% used [0x08150000, 0x0835bd48, 0x0835be00, 0x08c00000)
 Metaspace       used 5774K, capacity 5969K, committed 6016K, reserved 6528K
}
Event: 24.646 GC heap before
{Heap before GC invocations=5 (full 0):
 def new generation   total 4928K, used 4629K [0x02c00000, 0x03150000, 0x08150000)
  eden space 4416K,  99% used [0x02c00000, 0x0304b9e0, 0x03050000)
  from space 512K,  45% used [0x030d0000, 0x03109d98, 0x03150000)
  to   space 512K,   0% used [0x03050000, 0x03050000, 0x030d0000)
 tenured generation   total 10944K, used 2095K [0x08150000, 0x08c00000, 0x12c00000)
   the space 10944K,  19% used [0x08150000, 0x0835bd48, 0x0835be00, 0x08c00000)
 Metaspace       used 5790K, capacity 6001K, committed 6016K, reserved 6528K
Event: 24.646 GC heap after
Heap after GC invocations=6 (full 0):
 def new generation   total 4928K, used 124K [0x02c00000, 0x03150000, 0x08150000)
  eden space 4416K,   0% used [0x02c00000, 0x02c00000, 0x03050000)
  from space 512K,  24% used [0x03050000, 0x0306f2e0, 0x030d0000)
  to   space 512K,   0% used [0x030d0000, 0x030d0000, 0x03150000)
 tenured generation   total 10944K, used 2095K [0x08150000, 0x08c00000, 0x12c00000)
   the space 10944K,  19% used [0x08150000, 0x0835bd48, 0x0835be00, 0x08c00000)
 Metaspace       used 5790K, capacity 6001K, committed 6016K, reserved 6528K
}

