# JRE version: Java(TM) SE Runtime Environment (8.0_45-b14) (build 1.8.0_45-b14)
# Java VM: Java HotSpot(TM) Client VM (25.45-b02 mixed mode windows-x86 )
Heap:
 def new generation   total 4928K, used 3014K [0x02c00000, 0x03150000, 0x08150000)
  eden space 4416K,  65% used [0x02c00000, 0x02ed12e0, 0x03050000)
  from space 512K,  25% used [0x030d0000, 0x030f06e0, 0x03150000)
  to   space 512K,   0% used [0x03050000, 0x03050000, 0x030d0000)
 tenured generation   total 10944K, used 2068K [0x08150000, 0x08c00000, 0x12c00000)
   the space 10944K,  18% used [0x08150000, 0x08355178, 0x08355200, 0x08c00000)
 Metaspace       used 5790K, capacity 6001K, committed 6016K, reserved 6528K
GC Heap History (10 events):
Event: 107.478 GC heap before
{Heap before GC invocations=2 (full 0):
 def new generation   total 4928K, used 4664K [0x02c00000, 0x03150000, 0x08150000)
  eden space 4416K, 100% used [0x02c00000, 0x03050000, 0x03050000)
  from space 512K,  48% used [0x03050000, 0x0308e110, 0x030d0000)
  to   space 512K,   0% used [0x030d0000, 0x030d0000, 0x03150000)
 tenured generation   total 10944K, used 1163K [0x08150000, 0x08c00000, 0x12c00000)
   the space 10944K,  10% used [0x08150000, 0x08272fe8, 0x08273000, 0x08c00000)
 Metaspace       used 2537K, capacity 2584K, committed 2624K, reserved 4480K
Event: 107.479 GC heap after
Heap after GC invocations=3 (full 0):
 def new generation   total 4928K, used 271K [0x02c00000, 0x03150000, 0x08150000)
  eden space 4416K,   0% used [0x02c00000, 0x02c00000, 0x03050000)
  from space 512K,  52% used [0x030d0000, 0x03113d48, 0x03150000)
  to   space 512K,   0% used [0x03050000, 0x03050000, 0x030d0000)
 tenured generation   total 10944K, used 1163K [0x08150000, 0x08c00000, 0x12c00000)
   the space 10944K,  10% used [0x08150000, 0x08272fe8, 0x08273000, 0x08c00000)
 Metaspace       used 2537K, capacity 2584K, committed 2624K, reserved 4480K
}
Event: 236.919 GC heap before
{Heap before GC invocations=3 (full 0):
 def new generation   total 4928K, used 4687K [0x02c00000, 0x03150000, 0x08150000)
  eden space 4416K, 100% used [0x02c00000, 0x03050000, 0x03050000)
  from space 512K,  52% used [0x030d0000, 0x03113d48, 0x03150000)
  to   space 512K,   0% used [0x03050000, 0x03050000, 0x030d0000)
 tenured generation   total 10944K, used 1163K [0x08150000, 0x08c00000, 0x12c00000)
   the space 10944K,  10% used [0x08150000, 0x08272fe8, 0x08273000, 0x08c00000)
 Metaspace       used 2551K, capacity 2616K, committed 2624K, reserved 4480K
Event: 236.921 GC heap after
Heap after GC invocations=4 (full 0):
 def new generation   total 4928K, used 256K [0x02c00000, 0x03150000, 0x08150000)
  eden space 4416K,   0% used [0x02c00000, 0x02c00000, 0x03050000)
  from space 512K,  50% used [0x03050000, 0x030903a0, 0x030d0000)
  to   space 512K,   0% used [0x030d0000, 0x030d0000, 0x03150000)
 tenured generation   total 10944K, used 1184K [0x08150000, 0x08c00000, 0x12c00000)
   the space 10944K,  10% used [0x08150000, 0x08278378, 0x08278400, 0x08c00000)
 Metaspace       used 2551K, capacity 2616K, committed 2624K, reserved 4480K
}
Event: 254.992 GC heap before
{Heap before GC invocations=4 (full 0):
 def new generation   total 4928K, used 4672K [0x02c00000, 0x03150000, 0x08150000)
  eden space 4416K, 100% used [0x02c00000, 0x03050000, 0x03050000)
  from space 512K,  50% used [0x03050000, 0x030903a0, 0x030d0000)
  to   space 512K,   0% used [0x030d0000, 0x030d0000, 0x03150000)
 tenured generation   total 10944K, used 1184K [0x08150000, 0x08c00000, 0x12c00000)
   the space 10944K,  10% used [0x08150000, 0x08278378, 0x08278400, 0x08c00000)
 Metaspace       used 4012K, capacity 4162K, committed 4288K, reserved 4480K
Event: 254.994 GC heap after
Heap after GC invocations=5 (full 0):
 def new generation   total 4928K, used 453K [0x02c00000, 0x03150000, 0x08150000)
  eden space 4416K,   0% used [0x02c00000, 0x02c00000, 0x03050000)
  from space 512K,  88% used [0x030d0000, 0x03141418, 0x03150000)
  to   space 512K,   0% used [0x03050000, 0x03050000, 0x030d0000)
 tenured generation   total 10944K, used 1206K [0x08150000, 0x08c00000, 0x12c00000)
   the space 10944K,  11% used [0x08150000, 0x0827db80, 0x0827dc00, 0x08c00000)
 Metaspace       used 4012K, capacity 4162K, committed 4288K, reserved 4480K
}
Event: 255.201 GC heap before
{Heap before GC invocations=5 (full 0):
 def new generation   total 4928K, used 4869K [0x02c00000, 0x03150000, 0x08150000)
  eden space 4416K, 100% used [0x02c00000, 0x03050000, 0x03050000)
  from space 512K,  88% used [0x030d0000, 0x03141418, 0x03150000)
  to   space 512K,   0% used [0x03050000, 0x03050000, 0x030d0000)
 tenured generation   total 10944K, used 1206K [0x08150000, 0x08c00000, 0x12c00000)
   the space 10944K,  11% used [0x08150000, 0x0827db80, 0x0827dc00, 0x08c00000)
 Metaspace       used 5774K, capacity 5969K, committed 6016K, reserved 6528K
Event: 255.204 GC heap after
Heap after GC invocations=6 (full 0):
 def new generation   total 4928K, used 512K [0x02c00000, 0x03150000, 0x08150000)
  eden space 4416K,   0% used [0x02c00000, 0x02c00000, 0x03050000)
  from space 512K, 100% used [0x03050000, 0x030d0000, 0x030d0000)
  to   space 512K,   0% used [0x030d0000, 0x030d0000, 0x03150000)
 tenured generation   total 10944K, used 1575K [0x08150000, 0x08c00000, 0x12c00000)
   the space 10944K,  14% used [0x08150000, 0x082d9d80, 0x082d9e00, 0x08c00000)
 Metaspace       used 5774K, capacity 5969K, committed 6016K, reserved 6528K
}
Event: 255.262 GC heap before
{Heap before GC invocations=6 (full 0):
 def new generation   total 4928K, used 4925K [0x02c00000, 0x03150000, 0x08150000)
  eden space 4416K,  99% used [0x02c00000, 0x0304f620, 0x03050000)
  from space 512K, 100% used [0x03050000, 0x030d0000, 0x030d0000)
  to   space 512K,   0% used [0x030d0000, 0x030d0000, 0x03150000)
 tenured generation   total 10944K, used 1575K [0x08150000, 0x08c00000, 0x12c00000)
   the space 10944K,  14% used [0x08150000, 0x082d9d80, 0x082d9e00, 0x08c00000)
 Metaspace       used 5790K, capacity 6001K, committed 6016K, reserved 6528K
Event: 255.264 GC heap after
Heap after GC invocations=7 (full 0):
 def new generation   total 4928K, used 129K [0x02c00000, 0x03150000, 0x08150000)
  eden space 4416K,   0% used [0x02c00000, 0x02c00000, 0x03050000)
  from space 512K,  25% used [0x030d0000, 0x030f06e0, 0x03150000)
  to   space 512K,   0% used [0x03050000, 0x03050000, 0x030d0000)
 tenured generation   total 10944K, used 2068K [0x08150000, 0x08c00000, 0x12c00000)
   the space 10944K,  18% used [0x08150000, 0x08355178, 0x08355200, 0x08c00000)
 Metaspace       used 5790K, capacity 6001K, committed 6016K, reserved 6528K
}

