# JRE version: Java(TM) SE Runtime Environment (8.0_45-b14) (build 1.8.0_45-b14)
# Java VM: Java HotSpot(TM) Client VM (25.45-b02 mixed mode windows-x86 )
Heap:
 def new generation   total 4928K, used 2578K [0x02c00000, 0x03150000, 0x08150000)
  eden space 4416K,  56% used [0x02c00000, 0x02e6be40, 0x03050000)
  from space 512K,  19% used [0x03050000, 0x03068be8, 0x030d0000)
  to   space 512K,   0% used [0x030d0000, 0x030d0000, 0x03150000)
 tenured generation   total 10944K, used 2084K [0x08150000, 0x08c00000, 0x12c00000)
   the space 10944K,  19% used [0x08150000, 0x08359040, 0x08359200, 0x08c00000)
 Metaspace       used 5882K, capacity 6065K, committed 6144K, reserved 6528K
GC Heap History (10 events):
Event: 15.331 GC heap before
{Heap before GC invocations=1 (full 0):
 def new generation   total 4928K, used 4928K [0x02c00000, 0x03150000, 0x08150000)
  eden space 4416K, 100% used [0x02c00000, 0x03050000, 0x03050000)
  from space 512K, 100% used [0x030d0000, 0x03150000, 0x03150000)
  to   space 512K,   0% used [0x03050000, 0x03050000, 0x030d0000)
 tenured generation   total 10944K, used 622K [0x08150000, 0x08c00000, 0x12c00000)
   the space 10944K,   5% used [0x08150000, 0x081eba28, 0x081ebc00, 0x08c00000)
 Metaspace       used 2578K, capacity 2616K, committed 2624K, reserved 4480K
Event: 15.333 GC heap after
Heap after GC invocations=2 (full 0):
 def new generation   total 4928K, used 279K [0x02c00000, 0x03150000, 0x08150000)
  eden space 4416K,   0% used [0x02c00000, 0x02c00000, 0x03050000)
  from space 512K,  54% used [0x03050000, 0x03095ca0, 0x030d0000)
  to   space 512K,   0% used [0x030d0000, 0x030d0000, 0x03150000)
 tenured generation   total 10944K, used 1132K [0x08150000, 0x08c00000, 0x12c00000)
   the space 10944K,  10% used [0x08150000, 0x0826b3c8, 0x0826b400, 0x08c00000)
 Metaspace       used 2578K, capacity 2616K, committed 2624K, reserved 4480K
}
Event: 15.434 GC heap before
{Heap before GC invocations=2 (full 0):
 def new generation   total 4928K, used 4695K [0x02c00000, 0x03150000, 0x08150000)
  eden space 4416K, 100% used [0x02c00000, 0x03050000, 0x03050000)
  from space 512K,  54% used [0x03050000, 0x03095ca0, 0x030d0000)
  to   space 512K,   0% used [0x030d0000, 0x030d0000, 0x03150000)
 tenured generation   total 10944K, used 1132K [0x08150000, 0x08c00000, 0x12c00000)
   the space 10944K,  10% used [0x08150000, 0x0826b3c8, 0x0826b400, 0x08c00000)
 Metaspace       used 2578K, capacity 2616K, committed 2624K, reserved 4480K
Event: 15.436 GC heap after
Heap after GC invocations=3 (full 0):
 def new generation   total 4928K, used 250K [0x02c00000, 0x03150000, 0x08150000)
  eden space 4416K,   0% used [0x02c00000, 0x02c00000, 0x03050000)
  from space 512K,  48% used [0x030d0000, 0x0310e8e0, 0x03150000)
  to   space 512K,   0% used [0x03050000, 0x03050000, 0x030d0000)
 tenured generation   total 10944K, used 1185K [0x08150000, 0x08c00000, 0x12c00000)
   the space 10944K,  10% used [0x08150000, 0x08278628, 0x08278800, 0x08c00000)
 Metaspace       used 2578K, capacity 2616K, committed 2624K, reserved 4480K
}
Event: 29.646 GC heap before
{Heap before GC invocations=3 (full 0):
 def new generation   total 4928K, used 4666K [0x02c00000, 0x03150000, 0x08150000)
  eden space 4416K, 100% used [0x02c00000, 0x03050000, 0x03050000)
  from space 512K,  48% used [0x030d0000, 0x0310e8e0, 0x03150000)
  to   space 512K,   0% used [0x03050000, 0x03050000, 0x030d0000)
 tenured generation   total 10944K, used 1185K [0x08150000, 0x08c00000, 0x12c00000)
   the space 10944K,  10% used [0x08150000, 0x08278628, 0x08278800, 0x08c00000)
 Metaspace       used 4172K, capacity 4367K, committed 4416K, reserved 4480K
Event: 29.649 GC heap after
Heap after GC invocations=4 (full 0):
 def new generation   total 4928K, used 491K [0x02c00000, 0x03150000, 0x08150000)
  eden space 4416K,   0% used [0x02c00000, 0x02c00000, 0x03050000)
  from space 512K,  95% used [0x03050000, 0x030cac28, 0x030d0000)
  to   space 512K,   0% used [0x030d0000, 0x030d0000, 0x03150000)
 tenured generation   total 10944K, used 1185K [0x08150000, 0x08c00000, 0x12c00000)
   the space 10944K,  10% used [0x08150000, 0x08278628, 0x08278800, 0x08c00000)
 Metaspace       used 4172K, capacity 4367K, committed 4416K, reserved 4480K
}
Event: 29.865 GC heap before
{Heap before GC invocations=4 (full 0):
 def new generation   total 4928K, used 4907K [0x02c00000, 0x03150000, 0x08150000)
  eden space 4416K, 100% used [0x02c00000, 0x03050000, 0x03050000)
  from space 512K,  95% used [0x03050000, 0x030cac28, 0x030d0000)
  to   space 512K,   0% used [0x030d0000, 0x030d0000, 0x03150000)
 tenured generation   total 10944K, used 1185K [0x08150000, 0x08c00000, 0x12c00000)
   the space 10944K,  10% used [0x08150000, 0x08278628, 0x08278800, 0x08c00000)
 Metaspace       used 5865K, capacity 6065K, committed 6144K, reserved 6528K
Event: 29.868 GC heap after
Heap after GC invocations=5 (full 0):
 def new generation   total 4928K, used 512K [0x02c00000, 0x03150000, 0x08150000)
  eden space 4416K,   0% used [0x02c00000, 0x02c00000, 0x03050000)
  from space 512K, 100% used [0x030d0000, 0x03150000, 0x03150000)
  to   space 512K,   0% used [0x03050000, 0x03050000, 0x030d0000)
 tenured generation   total 10944K, used 1595K [0x08150000, 0x08c00000, 0x12c00000)
   the space 10944K,  14% used [0x08150000, 0x082dec20, 0x082dee00, 0x08c00000)
 Metaspace       used 5865K, capacity 6065K, committed 6144K, reserved 6528K
}
Event: 29.906 GC heap before
{Heap before GC invocations=5 (full 0):
 def new generation   total 4928K, used 4926K [0x02c00000, 0x03150000, 0x08150000)
  eden space 4416K,  99% used [0x02c00000, 0x0304fa40, 0x03050000)
  from space 512K, 100% used [0x030d0000, 0x03150000, 0x03150000)
  to   space 512K,   0% used [0x03050000, 0x03050000, 0x030d0000)
 tenured generation   total 10944K, used 1595K [0x08150000, 0x08c00000, 0x12c00000)
   the space 10944K,  14% used [0x08150000, 0x082dec20, 0x082dee00, 0x08c00000)
 Metaspace       used 5882K, capacity 6065K, committed 6144K, reserved 6528K
Event: 29.907 GC heap after
Heap after GC invocations=6 (full 0):
 def new generation   total 4928K, used 98K [0x02c00000, 0x03150000, 0x08150000)
  eden space 4416K,   0% used [0x02c00000, 0x02c00000, 0x03050000)
  from space 512K,  19% used [0x03050000, 0x03068be8, 0x030d0000)
  to   space 512K,   0% used [0x030d0000, 0x030d0000, 0x03150000)
 tenured generation   total 10944K, used 2084K [0x08150000, 0x08c00000, 0x12c00000)
   the space 10944K,  19% used [0x08150000, 0x08359040, 0x08359200, 0x08c00000)
 Metaspace       used 5882K, capacity 6065K, committed 6144K, reserved 6528K
}

