# JRE version: Java(TM) SE Runtime Environment (8.0_45-b14) (build 1.8.0_45-b14)
# Java VM: Java HotSpot(TM) Client VM (25.45-b02 mixed mode windows-x86 )
Heap:
 def new generation   total 4928K, used 1142K [0x02c00000, 0x03150000, 0x08150000)
  eden space 4416K,  24% used [0x02c00000, 0x02d11248, 0x03050000)
  from space 512K,   9% used [0x03050000, 0x0305c718, 0x030d0000)
  to   space 512K,   0% used [0x030d0000, 0x030d0000, 0x03150000)
 tenured generation   total 10944K, used 6885K [0x08150000, 0x08c00000, 0x12c00000)
   the space 10944K,  62% used [0x08150000, 0x08809658, 0x08809800, 0x08c00000)
 Metaspace       used 6113K, capacity 6321K, committed 6400K, reserved 6528K
GC Heap History (10 events):
Event: 7.931 GC heap before
{Heap before GC invocations=1 (full 0):
 def new generation   total 4928K, used 4928K [0x02c00000, 0x03150000, 0x08150000)
  eden space 4416K, 100% used [0x02c00000, 0x03050000, 0x03050000)
  from space 512K, 100% used [0x030d0000, 0x03150000, 0x03150000)
  to   space 512K,   0% used [0x03050000, 0x03050000, 0x030d0000)
 tenured generation   total 10944K, used 622K [0x08150000, 0x08c00000, 0x12c00000)
   the space 10944K,   5% used [0x08150000, 0x081eb8e0, 0x081eba00, 0x08c00000)
 Metaspace       used 2578K, capacity 2616K, committed 2624K, reserved 4480K
Event: 7.933 GC heap after
Heap after GC invocations=2 (full 0):
 def new generation   total 4928K, used 278K [0x02c00000, 0x03150000, 0x08150000)
  eden space 4416K,   0% used [0x02c00000, 0x02c00000, 0x03050000)
  from space 512K,  54% used [0x03050000, 0x030959f0, 0x030d0000)
  to   space 512K,   0% used [0x030d0000, 0x030d0000, 0x03150000)
 tenured generation   total 10944K, used 1132K [0x08150000, 0x08c00000, 0x12c00000)
   the space 10944K,  10% used [0x08150000, 0x0826b3b8, 0x0826b400, 0x08c00000)
 Metaspace       used 2578K, capacity 2616K, committed 2624K, reserved 4480K
}
Event: 8.031 GC heap before
{Heap before GC invocations=2 (full 0):
 def new generation   total 4928K, used 4694K [0x02c00000, 0x03150000, 0x08150000)
  eden space 4416K, 100% used [0x02c00000, 0x03050000, 0x03050000)
  from space 512K,  54% used [0x03050000, 0x030959f0, 0x030d0000)
  to   space 512K,   0% used [0x030d0000, 0x030d0000, 0x03150000)
 tenured generation   total 10944K, used 1132K [0x08150000, 0x08c00000, 0x12c00000)
   the space 10944K,  10% used [0x08150000, 0x0826b3b8, 0x0826b400, 0x08c00000)
 Metaspace       used 2578K, capacity 2616K, committed 2624K, reserved 4480K
Event: 8.032 GC heap after
Heap after GC invocations=3 (full 0):
 def new generation   total 4928K, used 250K [0x02c00000, 0x03150000, 0x08150000)
  eden space 4416K,   0% used [0x02c00000, 0x02c00000, 0x03050000)
  from space 512K,  48% used [0x030d0000, 0x0310ea70, 0x03150000)
  to   space 512K,   0% used [0x03050000, 0x03050000, 0x030d0000)
 tenured generation   total 10944K, used 1185K [0x08150000, 0x08c00000, 0x12c00000)
   the space 10944K,  10% used [0x08150000, 0x082784d0, 0x08278600, 0x08c00000)
 Metaspace       used 2578K, capacity 2616K, committed 2624K, reserved 4480K
}
Event: 39.724 GC heap before
{Heap before GC invocations=3 (full 0):
 def new generation   total 4928K, used 4666K [0x02c00000, 0x03150000, 0x08150000)
  eden space 4416K, 100% used [0x02c00000, 0x03050000, 0x03050000)
  from space 512K,  48% used [0x030d0000, 0x0310ea70, 0x03150000)
  to   space 512K,   0% used [0x03050000, 0x03050000, 0x030d0000)
 tenured generation   total 10944K, used 5932K [0x08150000, 0x08c00000, 0x12c00000)
   the space 10944K,  54% used [0x08150000, 0x0871b2e0, 0x0871b400, 0x08c00000)
 Metaspace       used 6096K, capacity 6289K, committed 6400K, reserved 6528K
Event: 39.727 GC heap after
Heap after GC invocations=4 (full 0):
 def new generation   total 4928K, used 512K [0x02c00000, 0x03150000, 0x08150000)
  eden space 4416K,   0% used [0x02c00000, 0x02c00000, 0x03050000)
  from space 512K, 100% used [0x03050000, 0x030d0000, 0x030d0000)
  to   space 512K,   0% used [0x030d0000, 0x030d0000, 0x03150000)
 tenured generation   total 10944K, used 6374K [0x08150000, 0x08c00000, 0x12c00000)
   the space 10944K,  58% used [0x08150000, 0x08789918, 0x08789a00, 0x08c00000)
 Metaspace       used 6096K, capacity 6289K, committed 6400K, reserved 6528K
}
Event: 47.820 GC heap before
{Heap before GC invocations=4 (full 0):
 def new generation   total 4928K, used 4928K [0x02c00000, 0x03150000, 0x08150000)
  eden space 4416K, 100% used [0x02c00000, 0x03050000, 0x03050000)
  from space 512K, 100% used [0x03050000, 0x030d0000, 0x030d0000)
  to   space 512K,   0% used [0x030d0000, 0x030d0000, 0x03150000)
 tenured generation   total 10944K, used 6374K [0x08150000, 0x08c00000, 0x12c00000)
   the space 10944K,  58% used [0x08150000, 0x08789918, 0x08789a00, 0x08c00000)
 Metaspace       used 6097K, capacity 6289K, committed 6400K, reserved 6528K
Event: 47.823 GC heap after
Heap after GC invocations=5 (full 0):
 def new generation   total 4928K, used 188K [0x02c00000, 0x03150000, 0x08150000)
  eden space 4416K,   0% used [0x02c00000, 0x02c00000, 0x03050000)
  from space 512K,  36% used [0x030d0000, 0x030ff370, 0x03150000)
  to   space 512K,   0% used [0x03050000, 0x03050000, 0x030d0000)
 tenured generation   total 10944K, used 6885K [0x08150000, 0x08c00000, 0x12c00000)
   the space 10944K,  62% used [0x08150000, 0x08809658, 0x08809800, 0x08c00000)
 Metaspace       used 6097K, capacity 6289K, committed 6400K, reserved 6528K
}
Event: 47.857 GC heap before
{Heap before GC invocations=5 (full 0):
 def new generation   total 4928K, used 4600K [0x02c00000, 0x03150000, 0x08150000)
  eden space 4416K,  99% used [0x02c00000, 0x0304ef58, 0x03050000)
  from space 512K,  36% used [0x030d0000, 0x030ff370, 0x03150000)
  to   space 512K,   0% used [0x03050000, 0x03050000, 0x030d0000)
 tenured generation   total 10944K, used 6885K [0x08150000, 0x08c00000, 0x12c00000)
   the space 10944K,  62% used [0x08150000, 0x08809658, 0x08809800, 0x08c00000)
 Metaspace       used 6113K, capacity 6321K, committed 6400K, reserved 6528K
Event: 47.857 GC heap after
Heap after GC invocations=6 (full 0):
 def new generation   total 4928K, used 49K [0x02c00000, 0x03150000, 0x08150000)
  eden space 4416K,   0% used [0x02c00000, 0x02c00000, 0x03050000)
  from space 512K,   9% used [0x03050000, 0x0305c718, 0x030d0000)
  to   space 512K,   0% used [0x030d0000, 0x030d0000, 0x03150000)
 tenured generation   total 10944K, used 6885K [0x08150000, 0x08c00000, 0x12c00000)
   the space 10944K,  62% used [0x08150000, 0x08809658, 0x08809800, 0x08c00000)
 Metaspace       used 6113K, capacity 6321K, committed 6400K, reserved 6528K
}

